<?xml version="1.0" encoding="UTF-8"?>
<testng-results ignored="0" total="1" passed="1" failed="0" skipped="0">
  <reporter-output>
  </reporter-output>
  <suite started-at="2023-06-22T17:31:26 IST" name="Suite" finished-at="2023-06-22T17:31:40 IST" duration-ms="13454">
    <groups>
    </groups>
    <test started-at="2023-06-22T17:31:26 IST" name="Test" finished-at="2023-06-22T17:31:40 IST" duration-ms="13454">
      <class name="com.qa.testcases.LoginTestCase">
        <test-method is-config="true" signature="setUpSuite()[pri:0, instance:com.qa.testcases.LoginTestCase@3f4faf53]" started-at="2023-06-22T17:31:25 IST" name="setUpSuite" finished-at="2023-06-22T17:31:26 IST" duration-ms="1506" status="PASS">
          <reporter-output>
          </reporter-output>
        </test-method> <!-- setUpSuite -->
        <test-method is-config="true" signature="setup()[pri:0, instance:com.qa.testcases.LoginTestCase@3f4faf53]" started-at="2023-06-22T17:31:26 IST" name="setup" finished-at="2023-06-22T17:31:38 IST" duration-ms="11766" status="PASS">
          <reporter-output>
          </reporter-output>
        </test-method> <!-- setup -->
        <test-method signature="loginapp()[pri:0, instance:com.qa.testcases.LoginTestCase@3f4faf53]" started-at="2023-06-22T17:31:38 IST" name="loginapp" finished-at="2023-06-22T17:31:39 IST" duration-ms="736" status="PASS">
          <reporter-output>
          </reporter-output>
        </test-method> <!-- loginapp -->
        <test-method is-config="true" signature="teardown()[pri:0, instance:com.qa.testcases.LoginTestCase@3f4faf53]" started-at="2023-06-22T17:31:39 IST" name="teardown" finished-at="2023-06-22T17:31:40 IST" duration-ms="853" status="PASS">
          <reporter-output>
          </reporter-output>
        </test-method> <!-- teardown -->
      </class> <!-- com.qa.testcases.LoginTestCase -->
    </test> <!-- Test -->
  </suite> <!-- Suite -->
</testng-results>
